<?xml version="1.0" encoding="utf-8"?>
<TestsResultsCache
    LastClearTime="2017-08-22T05:59:33.0388126Z">
    <TestClasses>
        <TestClass>
            <TestClassId>01p46000004SENdAAO</TestClassId>
            <TestQueueId>70946000000HZbLAAW</TestQueueId>
            <TestMethods>
                <TestMethod>
                    <Name>&lt;compile&gt;</Name>
                    <Message>line 17, column 45: Method does not exist or incorrect signature: void syncfields(String) from the type LightningApp.JiraSfCasePut</Message>
                    <TestResultStatus>CompileFail</TestResultStatus>
                </TestMethod>
            </TestMethods>
        </TestClass>
        <TestClass>
            <TestClassId>01p46000004RsqVAAS</TestClassId>
            <TestQueueId>70946000000HZbHAAW</TestQueueId>
            <TestMethods>
                <TestMethod>
                    <ApexLogId>07L46000003Q98wEAC</ApexLogId>
                    <Name>testCallout</Name>
                    <Message>System.AssertException: Assertion Failed: Expected: https://mysfjira1.atlassian.net/rest/api/2/search?jql=updated&gt;-1h&amp;project=SfCases1&amp;fields=issuetype=SFType,summary,status,priority&amp;maxResults=1, Actual: https://mysfjira1.atlassian.net/rest/api/2/search?jql=updated&gt;-1h&amp;project=SfCases&amp;fields=issuetype=SFType,summary,status,priority</Message>
                    <StackTrace>Class.LightningApp.JiraSfCaseGetMockGenerator.respond: line 9, column 1
Class.LightningApp.JiraSfCaseGet.Getfields: line 41, column 1
Class.LightningApp.JiraSfCaseGetTest.testCallout: line 10, column 1</StackTrace>
                    <TestResultStatus>Fail</TestResultStatus>
                </TestMethod>
                <TestMethod>
                    <ApexLogId>07L46000003Q98wEAC</ApexLogId>
                    <Name>testCreateCase</Name>
                    <TestResultStatus>Pass</TestResultStatus>
                </TestMethod>
            </TestMethods>
        </TestClass>
        <TestClass>
            <TestClassId>01p46000004SFFqAAO</TestClassId>
            <TestQueueId>70946000000HZbNAAW</TestQueueId>
            <TestMethods>
                <TestMethod>
                    <ApexLogId>07L46000003Q92LEAS</ApexLogId>
                    <Name>testCallout</Name>
                    <Message>System.AssertException: Assertion Failed: Expected: https://mysfjira.atlassian.net/rest/api/2/search?jql=project=SfCases&amp;fields=issuetype=J_SFType,summary,status,priority&amp;maxResults=2, Actual: https://mysfjira.atlassian.net/rest/api/2/search?jql=updated&gt;-1h&amp;project=SfCases2&amp;fields=issuetype=SFType,summary,status,priority</Message>
                    <StackTrace>Class.LightningApp.JiraSfCaseUpsertMockGenerator.respond: line 10, column 1
Class.LightningApp.JiraSfCaseUpsert.Upsertfields: line 41, column 1
Class.LightningApp.JiraSfCaseUpsertTest.testCallout: line 10, column 1</StackTrace>
                    <TestResultStatus>Fail</TestResultStatus>
                </TestMethod>
                <TestMethod>
                    <ApexLogId>07L46000003Q92LEAS</ApexLogId>
                    <Name>testCreateCase</Name>
                    <TestResultStatus>Pass</TestResultStatus>
                </TestMethod>
            </TestMethods>
        </TestClass>
        <TestClass>
            <TestClassId>01p46000005KveiAAC</TestClassId>
            <TestQueueId>70946000000HZbXAAW</TestQueueId>
            <TestMethods>
                <TestMethod>
                    <ApexLogId>07L46000003Q99VEAS</ApexLogId>
                    <Name>main</Name>
                    <Message>Methods defined as TestMethod do not support Web service callouts</Message>
                    <TestResultStatus>Fail</TestResultStatus>
                </TestMethod>
            </TestMethods>
        </TestClass>
        <TestClass>
            <TestClassId>01p46000004SMohAAG</TestClassId>
            <TestQueueId>70946000000HZbWAAW</TestQueueId>
            <TestMethods>
                <TestMethod>
                    <ApexLogId>07L46000003Q98XEAS</ApexLogId>
                    <Name>testSample</Name>
                    <Message>Methods defined as TestMethod do not support Web service callouts</Message>
                    <TestResultStatus>Fail</TestResultStatus>
                </TestMethod>
            </TestMethods>
        </TestClass>
        <TestClass>
            <TestClassId>01p46000005Kuw7AAC</TestClassId>
            <TestQueueId>70946000000HZbZAAW</TestQueueId>
            <TestMethods>
                <TestMethod>
                    <ApexLogId>07L46000003Q94REAS</ApexLogId>
                    <Name>main</Name>
                    <Message>Methods defined as TestMethod do not support Web service callouts</Message>
                    <TestResultStatus>Fail</TestResultStatus>
                </TestMethod>
            </TestMethods>
        </TestClass>
        <TestClass>
            <TestClassId>01p46000004RmphAAC</TestClassId>
            <TestQueueId>70946000000HZbbAAG</TestQueueId>
            <TestMethods>
                <TestMethod>
                    <ApexLogId>07L46000003Q99uEAC</ApexLogId>
                    <Name>testCallout</Name>
                    <Message>System.AssertException: Assertion Failed: Expected: {"result":[{"short_description":"Unable to get to network file shares","sys_id":"9d385017c611228701d22104cc95c371","number":"INC0000002","contact_type":"","incident_state":"3","impact":"1","active":"true"},{"short_description":"Wireless access is down in my area","sys_id":"e8caedcbc0a80164017df472f39eaed1","number":"INC0000003","contact_type":"","incident_state":"2","impact":"1","active":"true"},{"short_description":"Forgot email password","sys_id":"9d3c1197c611228701cd1d94bc32d76d","number":"INC0000004","contact_type":"","incident_state":"7","impact":"1","active":"false"},{"short_description":"CPU load high for over 10 minutes","sys_id":"e8e875b0c0a80164009dc852b4d677d5","number":"INC0000005","contact_type":"email","incident_state":"7","impact":"1","active":"false"},{"short_description":"Hang when trying to print VISIO document
		","sys_id":"8d6246c7c0a80164012fb063cecd4ace","number":"INC0000006","contact_type":"","incident_state":"7","impact":"1","active":"false"},{"short_description":"Need access to sales DB for the West","sys_id":"8d6353eac0a8016400d8a125ca14fc1f","number":"INC0000007","contact_type":"","incident_state":"4","impact":"1","active":"true"},{"short_description":"Printer in my office is out of toner","sys_id":"8d641046c0a80164000bc7c0d3ed46a0","number":"INC0000008","contact_type":"","incident_state":"7","impact":"1","active":"false"},{"short_description":"Reset my password","sys_id":"46b66a40a9fe198101f243dfbc79033d","number":"INC0000009","contact_type":"phone","incident_state":"7","impact":"1","active":"false"},{"short_description":"Need Oracle 10GR2 installed","sys_id":"46b9490da9fe1981003c938dab89bda3","number":"INC0000010","contact_type":"phone","incident_state":"7","impact":"2","active":"false"},{"short_description":"Need new Blackberry setup","sys_id":"46c03489a9fe19810148cd5b8cbf501e","number":"INC0000011","contact_type":"phone","incident_state":"7","impact":"2","active":"false"}]}, Actual: {"result":[{"short_description":"Unable to get to network file shares","sys_id":"9d385017c611228701d22104cc95c371","number":"INC0000002","contact_type":"","incident_state":"3","impact":"1","active":"true"},{"short_description":"Wireless access is down in my area","sys_id":"e8caedcbc0a80164017df472f39eaed1","number":"INC0000003","contact_type":"","incident_state":"2","impact":"1","active":"true"},{"short_description":"Forgot email password","sys_id":"9d3c1197c611228701cd1d94bc32d76d","number":"INC0000004","contact_type":"","incident_state":"7","impact":"1","active":"false"},{"short_description":"CPU load high for over 10 minutes","sys_id":"e8e875b0c0a80164009dc852b4d677d5","number":"INC0000005","contact_type":"email","incident_state":"7","impact":"1","active":"false"},{"short_description":"Hang when trying to print VISIO document","sys_id":"8d6246c7c0a80164012fb063cecd4ace","number":"INC0000006","contact_type":"","incident_state":"7","impact":"1","active":"false"},{"short_description":"Need access to sales DB for the West","sys_id":"8d6353eac0a8016400d8a125ca14fc1f","number":"INC0000007","contact_type":"","incident_state":"4","impact":"1","active":"true"},{"short_description":"Printer in my office is out of toner","sys_id":"8d641046c0a80164000bc7c0d3ed46a0","number":"INC0000008","contact_type":"","incident_state":"7","impact":"1","active":"false"},{"short_description":"Reset my password","sys_id":"46b66a40a9fe198101f243dfbc79033d","number":"INC0000009","contact_type":"phone","incident_state":"7","impact":"1","active":"false"},{"short_description":"Need Oracle 10GR2 installed","sys_id":"46b9490da9fe1981003c938dab89bda3","number":"INC0000010","contact_type":"phone","incident_state":"7","impact":"2","active":"false"},{"short_description":"Need new Blackberry setup","sys_id":"46c03489a9fe19810148cd5b8cbf501e","number":"INC0000011","contact_type":"phone","incident_state":"7","impact":"2","active":"false"}]}</Message>
                    <StackTrace>Class.LightningApp.ServiceNowGetTest.testCallout: line 18, column 1</StackTrace>
                    <TestResultStatus>Fail</TestResultStatus>
                </TestMethod>
            </TestMethods>
        </TestClass>
        <TestClass>
            <TestClassId>01p46000004Rn2ZAAS</TestClassId>
            <TestQueueId>70946000000HZbdAAG</TestQueueId>
            <TestMethods>
                <TestMethod>
                    <ApexLogId>07L46000003Q99zEAC</ApexLogId>
                    <Name>testCallout</Name>
                    <Message>System.AssertException: Assertion Failed: Expected: https://dev24994.service-now.com/api/now/table/incident?sysparm_fields=caller_id%2Cimpact%2Curgency%2Cstate%2Csys_created_by%2Cu_sf_id%2Cu_sftype%2Csys_id%2Cshort_description, Actual: https://dev15084.service-now.com/api/now/table/incident?sysparm_fields=caller_id%2Cimpact%2Curgency%2Cstate%2Csys_created_by%2Cu_sf_id%2Cu_sftype%2Csys_id%2Cshort_description</Message>
                    <StackTrace>Class.LightningApp.ServiceNowPostMockTestGenerator.respond: line 11, column 1
Class.LightningApp.ServiceNowPost.PostIncident: line 42, column 1
Class.LightningApp.ServiceNowPostTest.testCallout: line 10, column 1</StackTrace>
                    <TestResultStatus>Fail</TestResultStatus>
                </TestMethod>
            </TestMethods>
        </TestClass>
        <TestClass>
            <TestClassId>01p46000004SD2FAAW</TestClassId>
            <TestQueueId>70946000000HZbfAAG</TestQueueId>
            <TestMethods>
                <TestMethod>
                    <ApexLogId>07L46000003Q93dEAC</ApexLogId>
                    <Name>testCallout</Name>
                    <Message>System.AssertException: Assertion Failed: Expected: https://dev24994.service-now.com/api/now/table/incident?sysparm_fields=impact%2Cincident_state%2Csys_updated_onONLast%2520minute%40javascript%3Ags.minutesAgoStart(30)%40javascript%3Ags.minutesAgoEnd(0)%2Cshort_description%2Csys_id%2Ccontact_type&amp;sysparm_limit=2&amp;u_sftype=true, Actual: https://dev24994.service-now.com/api/now/table/incident?sysparm_fields=caller_id%2Cimpact%2Curgency%2Cstate%2Csys_created_by%2Cu_sf_id%2Csys_id%2Cshort_description&amp;u_sftype=true&amp;sys_updated_onONLast%2520minute%40javascript%3Ags.minutesAgoStart(30)%40javascript%3Ags.minutesAgoEnd(0)&amp;u_sftype=true&amp;sysparm_limit=2</Message>
                    <StackTrace>Class.LightningApp.ServiceNowUpsertMockTestGenerator.respond: line 10, column 1
Class.LightningApp.ServiceNowUpsert.GetIncident: line 75, column 1
Class.LightningApp.ServiceNowUpsertTest.testCallout: line 10, column 1</StackTrace>
                    <TestResultStatus>Fail</TestResultStatus>
                </TestMethod>
                <TestMethod>
                    <ApexLogId>07L46000003Q93dEAC</ApexLogId>
                    <Name>testCreateCase</Name>
                    <TestResultStatus>Pass</TestResultStatus>
                </TestMethod>
            </TestMethods>
        </TestClass>
        <TestClass>
            <TestClassId>01p46000004SK9fAAG</TestClassId>
            <TestQueueId>70946000000HZbiAAG</TestQueueId>
            <TestMethods>
                <TestMethod>
                    <ApexLogId>07L46000003Q91IEAS</ApexLogId>
                    <Name>testCallout</Name>
                    <Message>System.AssertException: Assertion Failed: Expected: https://mysfjira.atlassian.net/rest/api/2/search?jql=project=SfCases&amp;fields=issuetype=J_SFType,summary,status,priority&amp;maxResults=2, Actual: https://mysfjira.atlassian.net/rest/api/2/search?jql=updated&gt;-1h&amp;project=SfCases2&amp;fields=issuetype=SFType,summary,status,priority</Message>
                    <StackTrace>Class.LightningApp.JiraSfCaseUpsertMockGenerator.respond: line 10, column 1
Class.LightningApp.JiraSfCaseUpsert.Upsertfields: line 41, column 1
Class.LightningApp.testjiraupsert.testCallout: line 10, column 1</StackTrace>
                    <TestResultStatus>Fail</TestResultStatus>
                </TestMethod>
                <TestMethod>
                    <ApexLogId>07L46000003Q91IEAS</ApexLogId>
                    <Name>testCreateCase</Name>
                    <TestResultStatus>Pass</TestResultStatus>
                </TestMethod>
            </TestMethods>
        </TestClass>
        <TestClass>
            <TestClassId>01p46000003ZP2wAAG</TestClassId>
            <TestQueueId>70946000000HZb7AAG</TestQueueId>
            <TestMethods>
                <TestMethod>
                    <ApexLogId>07L46000003Q98cEAC</ApexLogId>
                    <Name>createTestUser</Name>
                    <TestResultStatus>Pass</TestResultStatus>
                </TestMethod>
                <TestMethod>
                    <ApexLogId>07L46000003Q98cEAC</ApexLogId>
                    <Name>helperMethod</Name>
                    <TestResultStatus>Pass</TestResultStatus>
                </TestMethod>
            </TestMethods>
        </TestClass>
        <TestClass>
            <TestClassId>01p46000002YxALAA0</TestClassId>
            <TestQueueId>70946000000HZb9AAG</TestQueueId>
            <TestMethods>
                <TestMethod>
                    <ApexLogId>07L46000003Q98NEAS</ApexLogId>
                    <Name>createTestUser</Name>
                    <TestResultStatus>Pass</TestResultStatus>
                </TestMethod>
                <TestMethod>
                    <ApexLogId>07L46000003Q98NEAS</ApexLogId>
                    <Name>helperMethod</Name>
                    <TestResultStatus>Pass</TestResultStatus>
                </TestMethod>
            </TestMethods>
        </TestClass>
        <TestClass>
            <TestClassId>01p46000004REByAAO</TestClassId>
            <TestQueueId>70946000000HZb8AAG</TestQueueId>
            <TestMethods>
                <TestMethod>
                    <ApexLogId>07L46000003Q99fEAC</ApexLogId>
                    <Name>IntegrationCheckMethod</Name>
                    <TestResultStatus>Pass</TestResultStatus>
                </TestMethod>
            </TestMethods>
        </TestClass>
        <TestClass>
            <TestClassId>01p46000002WVOlAAO</TestClassId>
            <TestQueueId>70946000000HZbAAAW</TestQueueId>
            <TestMethods>
                <TestMethod>
                    <ApexLogId>07L46000003Q98rEAC</ApexLogId>
                    <Name>testChangePasswordController</Name>
                    <TestResultStatus>Pass</TestResultStatus>
                </TestMethod>
            </TestMethods>
        </TestClass>
        <TestClass>
            <TestClassId>01p46000006JzZ4AAK</TestClassId>
            <TestQueueId>70946000000HZbBAAW</TestQueueId>
            <TestMethods>
                <TestMethod>
                    <ApexLogId>07L46000003Q99GEAS</ApexLogId>
                    <Name>testCommunitiesLandingController</Name>
                    <TestResultStatus>Pass</TestResultStatus>
                </TestMethod>
            </TestMethods>
        </TestClass>
        <TestClass>
            <TestClassId>01p46000006JzZ2AAK</TestClassId>
            <TestQueueId>70946000000HZbCAAW</TestQueueId>
            <TestMethods>
                <TestMethod>
                    <ApexLogId>07L46000003Q98mEAC</ApexLogId>
                    <Name>testCommunitiesLoginController</Name>
                    <TestResultStatus>Pass</TestResultStatus>
                </TestMethod>
            </TestMethods>
        </TestClass>
        <TestClass>
            <TestClassId>01p46000006JzZ8AAK</TestClassId>
            <TestQueueId>70946000000HZbDAAW</TestQueueId>
            <TestMethods>
                <TestMethod>
                    <ApexLogId>07L46000003Q94xEAC</ApexLogId>
                    <Name>testCommunitiesSelfRegConfirmController</Name>
                    <TestResultStatus>Pass</TestResultStatus>
                </TestMethod>
            </TestMethods>
        </TestClass>
        <TestClass>
            <TestClassId>01p46000006JzZ6AAK</TestClassId>
            <TestQueueId>70946000000HZbEAAW</TestQueueId>
            <TestMethods>
                <TestMethod>
                    <ApexLogId>07L46000003Q991EAC</ApexLogId>
                    <Name>testCommunitiesSelfRegController</Name>
                    <TestResultStatus>Pass</TestResultStatus>
                </TestMethod>
            </TestMethods>
        </TestClass>
        <TestClass>
            <TestClassId>01p46000002WVOnAAO</TestClassId>
            <TestQueueId>70946000000HZbFAAW</TestQueueId>
            <TestMethods>
                <TestMethod>
                    <ApexLogId>07L46000003Q95ZEAS</ApexLogId>
                    <Name>testForgotPasswordController</Name>
                    <TestResultStatus>Pass</TestResultStatus>
                </TestMethod>
            </TestMethods>
        </TestClass>
        <TestClass>
            <TestClassId>01p46000004RyrgAAC</TestClassId>
            <TestQueueId>70946000000HZbJAAW</TestQueueId>
            <TestMethods>
                <TestMethod>
                    <ApexLogId>07L46000003Q98hEAC</ApexLogId>
                    <Name>testCallout</Name>
                    <TestResultStatus>Pass</TestResultStatus>
                </TestMethod>
            </TestMethods>
        </TestClass>
        <TestClass>
            <TestClassId>01p46000006JzZJAA0</TestClassId>
            <TestQueueId>70946000000HZbOAAW</TestQueueId>
            <TestMethods>
                <TestMethod>
                    <ApexLogId>07L46000003Q99BEAS</ApexLogId>
                    <Name>LightningForgotPasswordControllerInstantiation</Name>
                    <TestResultStatus>Pass</TestResultStatus>
                </TestMethod>
                <TestMethod>
                    <ApexLogId>07L46000003Q99BEAS</ApexLogId>
                    <Name>testLightningForgotPasswordControllerInvalidUserName</Name>
                    <TestResultStatus>Pass</TestResultStatus>
                </TestMethod>
                <TestMethod>
                    <ApexLogId>07L46000003Q99BEAS</ApexLogId>
                    <Name>testLightningForgotPasswordControllerWithNullCheckEmailRef</Name>
                    <TestResultStatus>Pass</TestResultStatus>
                </TestMethod>
            </TestMethods>
        </TestClass>
        <TestClass>
            <TestClassId>01p46000006JzZIAA0</TestClassId>
            <TestQueueId>70946000000HZbPAAW</TestQueueId>
            <TestMethods>
                <TestMethod>
                    <ApexLogId>07L46000003Q99LEAS</ApexLogId>
                    <Name>LightningLoginFormControllerInstantiation</Name>
                    <TestResultStatus>Pass</TestResultStatus>
                </TestMethod>
                <TestMethod>
                    <ApexLogId>07L46000003Q99LEAS</ApexLogId>
                    <Name>testAuthConfig</Name>
                    <TestResultStatus>Pass</TestResultStatus>
                </TestMethod>
                <TestMethod>
                    <ApexLogId>07L46000003Q99LEAS</ApexLogId>
                    <Name>testGetSelfRegistrationURL</Name>
                    <TestResultStatus>Pass</TestResultStatus>
                </TestMethod>
                <TestMethod>
                    <ApexLogId>07L46000003Q99LEAS</ApexLogId>
                    <Name>testIsSelfRegistrationEnabled</Name>
                    <TestResultStatus>Pass</TestResultStatus>
                </TestMethod>
                <TestMethod>
                    <ApexLogId>07L46000003Q99LEAS</ApexLogId>
                    <Name>testIsUsernamePasswordEnabled</Name>
                    <TestResultStatus>Pass</TestResultStatus>
                </TestMethod>
                <TestMethod>
                    <ApexLogId>07L46000003Q99LEAS</ApexLogId>
                    <Name>testLoginWithInvalidCredentials</Name>
                    <TestResultStatus>Pass</TestResultStatus>
                </TestMethod>
            </TestMethods>
        </TestClass>
        <TestClass>
            <TestClassId>01p46000006JzZKAA0</TestClassId>
            <TestQueueId>70946000000HZbQAAW</TestQueueId>
            <TestMethods>
                <TestMethod>
                    <ApexLogId>07L46000003Q99QEAS</ApexLogId>
                    <Name>LightningSelfRegisterControllerInstantiation</Name>
                    <TestResultStatus>Pass</TestResultStatus>
                </TestMethod>
                <TestMethod>
                    <ApexLogId>07L46000003Q99QEAS</ApexLogId>
                    <Name>testGetExtraFieldsInSelfRegistration</Name>
                    <TestResultStatus>Pass</TestResultStatus>
                </TestMethod>
                <TestMethod>
                    <ApexLogId>07L46000003Q99QEAS</ApexLogId>
                    <Name>testGetNonEmptyExtraFields</Name>
                    <TestResultStatus>Pass</TestResultStatus>
                </TestMethod>
                <TestMethod>
                    <ApexLogId>07L46000003Q99QEAS</ApexLogId>
                    <Name>testGetNullExtraFields</Name>
                    <TestResultStatus>Pass</TestResultStatus>
                </TestMethod>
                <TestMethod>
                    <ApexLogId>07L46000003Q99QEAS</ApexLogId>
                    <Name>testIsValidPassword</Name>
                    <TestResultStatus>Pass</TestResultStatus>
                </TestMethod>
                <TestMethod>
                    <ApexLogId>07L46000003Q99QEAS</ApexLogId>
                    <Name>testSelfRegisterWithCreatedAccount</Name>
                    <TestResultStatus>Pass</TestResultStatus>
                </TestMethod>
                <TestMethod>
                    <ApexLogId>07L46000003Q99QEAS</ApexLogId>
                    <Name>testSelfRegisterWithProperCredentials</Name>
                    <TestResultStatus>Pass</TestResultStatus>
                </TestMethod>
                <TestMethod>
                    <ApexLogId>07L46000003Q99QEAS</ApexLogId>
                    <Name>testSelfRegistration</Name>
                    <TestResultStatus>Pass</TestResultStatus>
                </TestMethod>
                <TestMethod>
                    <ApexLogId>07L46000003Q99QEAS</ApexLogId>
                    <Name>testSiteAsContainerEnabled</Name>
                    <TestResultStatus>Pass</TestResultStatus>
                </TestMethod>
            </TestMethods>
        </TestClass>
        <TestClass>
            <TestClassId>01p46000002WVOpAAO</TestClassId>
            <TestQueueId>70946000000HZbSAAW</TestQueueId>
            <TestMethods>
                <TestMethod>
                    <ApexLogId>07L46000003Q97GEAS</ApexLogId>
                    <Name>testSave</Name>
                    <TestResultStatus>Pass</TestResultStatus>
                </TestMethod>
            </TestMethods>
        </TestClass>
        <TestClass>
            <TestClassId>01p46000006JpUaAAK</TestClassId>
            <TestQueueId>70946000000HZbTAAW</TestQueueId>
            <TestMethods>
                <TestMethod>
                    <ApexLogId>07L46000003Q98EEAS</ApexLogId>
                    <Name>testOpportunityAlertController</Name>
                    <TestResultStatus>Pass</TestResultStatus>
                </TestMethod>
            </TestMethods>
        </TestClass>
        <TestClass>
            <TestClassId>01p46000004SGoUAAW</TestClassId>
            <TestQueueId>70946000000HZbUAAW</TestQueueId>
            <TestMethods>
                <TestMethod>
                    <ApexLogId>07L46000003Q99kEAC</ApexLogId>
                    <Name>MyController</Name>
                    <TestResultStatus>Pass</TestResultStatus>
                </TestMethod>
            </TestMethods>
        </TestClass>
        <TestClass>
            <TestClassId>01p46000004SNL2AAO</TestClassId>
            <TestQueueId>70946000000HZbVAAW</TestQueueId>
            <TestMethods>
                <TestMethod>
                    <ApexLogId>07L46000003Q996EAC</ApexLogId>
                    <Name>MyController</Name>
                    <TestResultStatus>Pass</TestResultStatus>
                </TestMethod>
            </TestMethods>
        </TestClass>
        <TestClass>
            <TestClassId>01p46000002WVOhAAO</TestClassId>
            <TestQueueId>70946000000HZbgAAG</TestQueueId>
            <TestMethods>
                <TestMethod>
                    <ApexLogId>07L46000003Q99pEAC</ApexLogId>
                    <Name>testSiteLoginController</Name>
                    <TestResultStatus>Pass</TestResultStatus>
                </TestMethod>
            </TestMethods>
        </TestClass>
        <TestClass>
            <TestClassId>01p46000002WVOjAAO</TestClassId>
            <TestQueueId>70946000000HZbhAAG</TestQueueId>
            <TestMethods>
                <TestMethod>
                    <ApexLogId>07L46000003Q9A4EAK</ApexLogId>
                    <Name>testRegistration</Name>
                    <TestResultStatus>Pass</TestResultStatus>
                </TestMethod>
            </TestMethods>
        </TestClass>
    </TestClasses>
</TestsResultsCache>